<?xml version="1.0" encoding="UTF-8"?>
<!-- Generated by org.testng.reporters.JUnitReportReporter -->
<testsuite hostname="DESKTOP-3DNI366" failures="0" tests="1" name="com.bixbytes.bpmtold.employeetestcases.TC9_Create_Employee_Page_Validation" time="34.887" errors="0" timestamp="2020-11-26T16:38:01 IST" skipped="0">
  <testcase classname="com.bixbytes.bpmtold.employeetestcases.TC9_Create_Employee_Page_Validation" name="create_employee_validation_errors" time="34.887"/>
  <system-out/>
</testsuite> <!-- com.bixbytes.bpmtold.employeetestcases.TC9_Create_Employee_Page_Validation -->
