<?xml version="1.0" encoding="UTF-8"?>
<!-- Generated by org.testng.reporters.JUnitReportReporter -->
<testsuite hostname="DESKTOP-3DNI366" failures="0" tests="1" name="com.bixbytes.bpmt.users.testcases.Update_User_Testcase" time="37.243" errors="0" timestamp="2021-04-14T14:56:33 IST" skipped="0">
  <testcase classname="com.bixbytes.bpmt.users.testcases.Update_User_Testcase" name="tc1_update_user" time="37.243"/>
  <system-out/>
</testsuite> <!-- com.bixbytes.bpmt.users.testcases.Update_User_Testcase -->
