<?xml version="1.0" encoding="UTF-8"?>
<!-- Generated by org.testng.reporters.JUnitReportReporter -->
<testsuite hostname="DESKTOP-3DNI366" failures="0" tests="1" name="com.bixbytes.bpmtold.testcases.TC7_SearchEmployeeInvalid" time="31.871" errors="0" timestamp="2020-11-09T17:04:34 IST" skipped="0">
  <testcase classname="com.bixbytes.bpmtold.testcases.TC7_SearchEmployeeInvalid" name="Employee_Inavlid_SearchTest" time="31.871"/>
  <system-out/>
</testsuite> <!-- com.bixbytes.bpmtold.testcases.TC7_SearchEmployeeInvalid -->
