<?xml version="1.0" encoding="UTF-8"?>
<!-- Generated by org.testng.reporters.JUnitReportReporter -->
<testsuite hostname="DESKTOP-3DNI366" failures="0" tests="1" name="com.bixbytes.testcases.bpmtold.TC3_InvalidLogin_Email" time="29.372" errors="0" timestamp="2020-10-30T17:57:09 IST" skipped="0">
  <testcase classname="com.bixbytes.testcases.bpmtold.TC3_InvalidLogin_Email" name="wrongemail" time="29.372"/>
  <system-out/>
</testsuite> <!-- com.bixbytes.testcases.bpmtold.TC3_InvalidLogin_Email -->
