<?xml version="1.0" encoding="UTF-8"?>
<!-- Generated by org.testng.reporters.JUnitReportReporter -->
<testsuite hostname="DESKTOP-3DNI366" failures="0" tests="1" name="com.bixbytes.bpmtold.logintestcases.TC4_Invalid_Login_Test" time="29.579" errors="0" timestamp="2020-11-20T16:45:16 IST" skipped="0">
  <testcase classname="com.bixbytes.bpmtold.logintestcases.TC4_Invalid_Login_Test" name="InvalidLogin_Test" time="29.579"/>
  <system-out/>
</testsuite> <!-- com.bixbytes.bpmtold.logintestcases.TC4_Invalid_Login_Test -->
