<?xml version="1.0" encoding="UTF-8"?>
<!-- Generated by org.testng.reporters.JUnitReportReporter -->
<testsuite hostname="DESKTOP-3DNI366" failures="0" tests="1" name="com.bixbytes.testcases.bpmtold.TC1_ValidLoginTest" time="20.762" errors="0" timestamp="2020-10-30T17:57:09 IST" skipped="0">
  <testcase classname="com.bixbytes.testcases.bpmtold.TC1_ValidLoginTest" name="validlogin" time="20.762"/>
  <system-out/>
</testsuite> <!-- com.bixbytes.testcases.bpmtold.TC1_ValidLoginTest -->
