<?xml version="1.0" encoding="UTF-8"?>
<!-- Generated by org.testng.reporters.JUnitReportReporter -->
<testsuite hostname="DESKTOP-3DNI366" failures="0" tests="1" name="com.bixbytes.testcases.Valid_LoginPageTest" time="22.243" errors="0" timestamp="2020-10-29T11:17:18 IST" skipped="0">
  <testcase classname="com.bixbytes.testcases.Valid_LoginPageTest" name="validlogin" time="22.243"/>
  <system-out/>
</testsuite> <!-- com.bixbytes.testcases.Valid_LoginPageTest -->
