<?xml version="1.0" encoding="UTF-8"?>
<!-- Generated by org.testng.reporters.JUnitReportReporter -->
<testsuite hostname="DESKTOP-3DNI366" failures="0" tests="1" name="com.bixbytes.bpmtold.logintestcases.TC6_Fogot_Password_Test" time="22.238" errors="0" timestamp="2020-11-17T10:01:24 IST" skipped="0">
  <testcase classname="com.bixbytes.bpmtold.logintestcases.TC6_Fogot_Password_Test" name="forgotpassword_page_verification" time="22.238"/>
  <system-out/>
</testsuite> <!-- com.bixbytes.bpmtold.logintestcases.TC6_Fogot_Password_Test -->
