<?xml version="1.0" encoding="UTF-8"?>
<!-- Generated by org.testng.reporters.JUnitReportReporter -->
<testsuite hostname="DESKTOP-3DNI366" failures="0" tests="1" name="com.bixbytes.bpmt.login.testcases.Logout_Testcases" time="23.126" errors="0" timestamp="2021-04-07T14:53:04 IST" skipped="0">
  <testcase classname="com.bixbytes.bpmt.login.testcases.Logout_Testcases" name="tc1_logout" time="23.126"/>
  <system-out/>
</testsuite> <!-- com.bixbytes.bpmt.login.testcases.Logout_Testcases -->
