<?xml version="1.0" encoding="UTF-8"?>
<!-- Generated by org.testng.reporters.JUnitReportReporter -->
<testsuite hostname="DESKTOP-3DNI366" failures="0" tests="2" name="com.bixbytes.bpmtold.employeetestcases.TC10_Search_Employee_Test" time="59.913" errors="0" timestamp="2020-11-17T11:24:03 IST" skipped="0">
  <testcase classname="com.bixbytes.bpmtold.employeetestcases.TC10_Search_Employee_Test" name="Employee_Valid_SearchTest" time="29.239"/>
  <system-out/>
  <testcase classname="com.bixbytes.bpmtold.employeetestcases.TC10_Search_Employee_Test" name="Employee_Inavlid_SearchTest" time="30.674"/>
  <system-out/>
</testsuite> <!-- com.bixbytes.bpmtold.employeetestcases.TC10_Search_Employee_Test -->
