<?xml version="1.0" encoding="UTF-8"?>
<!-- Generated by org.testng.reporters.JUnitReportReporter -->
<testsuite hostname="DESKTOP-3DNI366" failures="0" tests="1" name="com.bixbytes.bpmt.users.testcases.Add_User_Testcases_Positive" time="81.715" errors="0" timestamp="2021-02-01T15:48:30 IST" skipped="0">
  <testcase classname="com.bixbytes.bpmt.users.testcases.Add_User_Testcases_Positive" name="tc1_add_admin_user_test" time="81.715"/>
  <system-out/>
</testsuite> <!-- com.bixbytes.bpmt.users.testcases.Add_User_Testcases_Positive -->
