<?xml version="1.0" encoding="UTF-8"?>
<!-- Generated by org.testng.reporters.JUnitReportReporter -->
<testsuite hostname="DESKTOP-3DNI366" failures="0" tests="3" name="com.bixbytes.bpmt.login.testcases.Fogot_Password_Tests" time="50.458" errors="0" timestamp="2021-01-28T16:22:17 IST" skipped="0">
  <testcase classname="com.bixbytes.bpmt.login.testcases.Fogot_Password_Tests" name="tc5_forgotpassword_negative_testcase" time="18.051"/>
  <system-out/>
  <testcase classname="com.bixbytes.bpmt.login.testcases.Fogot_Password_Tests" name="tc6_forgotpassword_positive_testcase" time="17.138"/>
  <system-out/>
  <testcase classname="com.bixbytes.bpmt.login.testcases.Fogot_Password_Tests" name="tc7_forgot_pasword_to_signin_page_test" time="15.269"/>
  <system-out/>
</testsuite> <!-- com.bixbytes.bpmt.login.testcases.Fogot_Password_Tests -->
