<?xml version="1.0" encoding="UTF-8"?>
<!-- Generated by org.testng.reporters.JUnitReportReporter -->
<testsuite hostname="DESKTOP-3DNI366" failures="0" tests="1" name="com.bixbytes.bpmtold.testcases.TC3_InvalidLogin_Email" time="29.459" errors="0" timestamp="2020-11-09T15:28:22 IST" skipped="0">
  <testcase classname="com.bixbytes.bpmtold.testcases.TC3_InvalidLogin_Email" name="Wrong_Email_Field_Validation_Test" time="29.459"/>
  <system-out/>
</testsuite> <!-- com.bixbytes.bpmtold.testcases.TC3_InvalidLogin_Email -->
