<?xml version="1.0" encoding="UTF-8"?>
<!-- Generated by org.testng.reporters.JUnitReportReporter -->
<testsuite hostname="DESKTOP-3DNI366" failures="0" tests="3" name="com.bixbytes.bpmt.users.testcases.User_Details_Page_Testcases" time="77.934" errors="0" timestamp="2021-04-14T14:56:33 IST" skipped="0">
  <testcase classname="com.bixbytes.bpmt.users.testcases.User_Details_Page_Testcases" name="tc1_verify_personal_userdetails_info" time="28.458"/>
  <system-out/>
  <testcase classname="com.bixbytes.bpmt.users.testcases.User_Details_Page_Testcases" name="tc2_verify_employee_userdetails_info" time="27.588"/>
  <system-out/>
  <testcase classname="com.bixbytes.bpmt.users.testcases.User_Details_Page_Testcases" name="tc3_verify_employee_userdetails_user_progress_graph" time="21.888"/>
  <system-out/>
</testsuite> <!-- com.bixbytes.bpmt.users.testcases.User_Details_Page_Testcases -->
