<?xml version="1.0" encoding="UTF-8"?>
<!-- Generated by org.testng.reporters.JUnitReportReporter -->
<testsuite hostname="DESKTOP-3DNI366" failures="0" tests="2" name="com.bixbytes.bpmtold.employeetestcases.TC10_Search_Employee_Test" time="70.622" errors="0" timestamp="2020-11-20T16:45:16 IST" skipped="0">
  <testcase classname="com.bixbytes.bpmtold.employeetestcases.TC10_Search_Employee_Test" name="Employee_Inavlid_SearchTest" time="32.638"/>
  <system-out/>
  <testcase classname="com.bixbytes.bpmtold.employeetestcases.TC10_Search_Employee_Test" name="Employee_Valid_SearchTest" time="37.984"/>
  <system-out/>
</testsuite> <!-- com.bixbytes.bpmtold.employeetestcases.TC10_Search_Employee_Test -->
