<?xml version="1.0" encoding="UTF-8"?>
<!-- Generated by org.testng.reporters.JUnitReportReporter -->
<testsuite hostname="BBS08" failures="0" tests="1" name="com.bixbytes.bpmt.login.testcases.TC3_Username_After_Entering_Email_Test" time="25.428" errors="0" timestamp="2021-01-19T13:29:09 IST" skipped="0">
  <testcase classname="com.bixbytes.bpmt.login.testcases.TC3_Username_After_Entering_Email_Test" name="Username_after_email_Test" time="25.428"/>
  <system-out/>
</testsuite> <!-- com.bixbytes.bpmt.login.testcases.TC3_Username_After_Entering_Email_Test -->
