<?xml version="1.0" encoding="UTF-8"?>
<!-- Generated by org.testng.reporters.JUnitReportReporter -->
<testsuite hostname="DESKTOP-3DNI366" failures="0" tests="1" name="com.bixbytes.bpmtold.employeetestcases.TC11_Invalid_Employee_Deletion" time="38.910" errors="0" timestamp="2020-11-17T10:01:24 IST" skipped="0">
  <testcase classname="com.bixbytes.bpmtold.employeetestcases.TC11_Invalid_Employee_Deletion" name="invalid_employee_delete_test" time="38.910"/>
  <system-out/>
</testsuite> <!-- com.bixbytes.bpmtold.employeetestcases.TC11_Invalid_Employee_Deletion -->
