<?xml version="1.0" encoding="UTF-8"?>
<!-- Generated by org.testng.reporters.JUnitReportReporter -->
<testsuite hostname="DESKTOP-3DNI366" failures="0" tests="1" name="com.bixbytes.testcases.bpmtold.ValidLoginTest" time="23.613" errors="0" timestamp="2020-10-30T13:33:14 IST" skipped="0">
  <testcase classname="com.bixbytes.testcases.bpmtold.ValidLoginTest" name="validlogin" time="23.613"/>
  <system-out/>
</testsuite> <!-- com.bixbytes.testcases.bpmtold.ValidLoginTest -->
