<?xml version="1.0" encoding="UTF-8"?>
<!-- Generated by org.testng.reporters.JUnitReportReporter -->
<testsuite hostname="DESKTOP-3DNI366" failures="0" tests="1" name="com.bixbytes.bpmtold.salestestcases.TC17_Customer_Status_Test" time="33.044" errors="0" timestamp="2020-11-24T16:00:26 IST" skipped="0">
  <testcase classname="com.bixbytes.bpmtold.salestestcases.TC17_Customer_Status_Test" name="cust_status" time="33.044"/>
  <system-out/>
</testsuite> <!-- com.bixbytes.bpmtold.salestestcases.TC17_Customer_Status_Test -->
