<?xml version="1.0" encoding="UTF-8"?>
<!-- Generated by org.testng.reporters.JUnitReportReporter -->
<testsuite hostname="DESKTOP-3DNI366" failures="0" tests="3" name="com.bixbytes.bpmt.login.testcases.Fogot_Password_Testcases" time="73.092" errors="0" timestamp="2021-04-07T14:53:04 IST" skipped="0">
  <testcase classname="com.bixbytes.bpmt.login.testcases.Fogot_Password_Testcases" name="tc1_forgotpassword_negative_testcase" time="17.142"/>
  <system-out/>
  <testcase classname="com.bixbytes.bpmt.login.testcases.Fogot_Password_Testcases" name="tc2_forgotpassword_positive_testcase" time="16.638"/>
  <system-out/>
  <testcase classname="com.bixbytes.bpmt.login.testcases.Fogot_Password_Testcases" name="tc3_forgot_pasword_to_signin_page_test" time="39.312"/>
  <system-out/>
</testsuite> <!-- com.bixbytes.bpmt.login.testcases.Fogot_Password_Testcases -->
