<?xml version="1.0" encoding="UTF-8"?>
<!-- Generated by org.testng.reporters.JUnitReportReporter -->
<testsuite hostname="DESKTOP-3DNI366" failures="0" tests="1" name="com.bixbytes.bpmt.login.testcases.TC2_Logout_Test" time="27.238" errors="0" timestamp="2021-01-20T14:43:00 IST" skipped="0">
  <testcase classname="com.bixbytes.bpmt.login.testcases.TC2_Logout_Test" name="Logout" time="27.238"/>
  <system-out/>
</testsuite> <!-- com.bixbytes.bpmt.login.testcases.TC2_Logout_Test -->
