<?xml version="1.0" encoding="UTF-8"?>
<!-- Generated by org.testng.reporters.JUnitReportReporter -->
<testsuite hostname="DESKTOP-3DNI366" failures="0" tests="1" name="com.bixbytes.bpmtold.employeetestcases.TC5_CreateEmployee" time="80.048" errors="0" timestamp="2020-11-09T17:20:54 IST" skipped="0">
  <testcase classname="com.bixbytes.bpmtold.employeetestcases.TC5_CreateEmployee" name="Addemployee_Test" time="80.048"/>
  <system-out/>
</testsuite> <!-- com.bixbytes.bpmtold.employeetestcases.TC5_CreateEmployee -->
