<?xml version="1.0" encoding="UTF-8"?>
<!-- Generated by org.testng.reporters.JUnitReportReporter -->
<testsuite hostname="DESKTOP-3DNI366" failures="0" tests="1" name="com.bixbytes.bpmt.users.testcases.User_Deletion_Testcases" time="28.948" errors="0" timestamp="2021-04-14T14:56:33 IST" skipped="0">
  <testcase classname="com.bixbytes.bpmt.users.testcases.User_Deletion_Testcases" name="tc1_valid_delete_user_test" time="28.948"/>
  <system-out/>
</testsuite> <!-- com.bixbytes.bpmt.users.testcases.User_Deletion_Testcases -->
