<?xml version="1.0" encoding="UTF-8"?>
<!-- Generated by org.testng.reporters.JUnitReportReporter -->
<testsuite hostname="DESKTOP-3DNI366" failures="0" tests="1" name="com.bixbytes.bpmtold.salestestcases.TC11_Create_Valid_Customer_Test" time="33.554" errors="0" timestamp="2020-11-17T10:53:08 IST" skipped="0">
  <testcase classname="com.bixbytes.bpmtold.salestestcases.TC11_Create_Valid_Customer_Test" name="CreateValidCutsomerTest" time="33.554"/>
  <system-out/>
</testsuite> <!-- com.bixbytes.bpmtold.salestestcases.TC11_Create_Valid_Customer_Test -->
