<?xml version="1.0" encoding="UTF-8"?>
<!-- Generated by org.testng.reporters.JUnitReportReporter -->
<testsuite hostname="DESKTOP-3DNI366" failures="0" tests="1" name="com.bixbytes.bpmtold.employeetestcases.TC7_Create_Employee_Valid_Test" time="76.205" errors="0" timestamp="2020-11-17T10:01:24 IST" skipped="0">
  <testcase classname="com.bixbytes.bpmtold.employeetestcases.TC7_Create_Employee_Valid_Test" name="Addemployee_Test" time="76.205"/>
  <system-out/>
</testsuite> <!-- com.bixbytes.bpmtold.employeetestcases.TC7_Create_Employee_Valid_Test -->
