<?xml version="1.0" encoding="UTF-8"?>
<!-- Generated by org.testng.reporters.JUnitReportReporter -->
<testsuite hostname="DESKTOP-3DNI366" failures="0" tests="1" name="com.bixbytes.bpmtold.salestestcases.TC13_Create_Customer_Validation_Errors_Test" time="22.474" errors="0" timestamp="2020-11-17T11:24:03 IST" skipped="0">
  <testcase classname="com.bixbytes.bpmtold.salestestcases.TC13_Create_Customer_Validation_Errors_Test" name="InvalidCustomerSearch" time="22.474"/>
  <system-out/>
</testsuite> <!-- com.bixbytes.bpmtold.salestestcases.TC13_Create_Customer_Validation_Errors_Test -->
