<?xml version="1.0" encoding="UTF-8"?>
<!-- Generated by org.testng.reporters.JUnitReportReporter -->
<testsuite hostname="DESKTOP-3DNI366" failures="0" tests="2" name="com.bixbytes.bpmtold.salestestcases.TC12_Customer_Search_Test" time="71.697" errors="0" timestamp="2020-11-20T16:45:15 IST" skipped="0">
  <testcase classname="com.bixbytes.bpmtold.salestestcases.TC12_Customer_Search_Test" name="InvalidCustomerSearch" time="34.694"/>
  <system-out/>
  <testcase classname="com.bixbytes.bpmtold.salestestcases.TC12_Customer_Search_Test" name="valid_customer_search" time="37.003"/>
  <system-out/>
</testsuite> <!-- com.bixbytes.bpmtold.salestestcases.TC12_Customer_Search_Test -->
