<?xml version="1.0" encoding="UTF-8"?>
<!-- Generated by org.testng.reporters.JUnitReportReporter -->
<testsuite hostname="DESKTOP-3DNI366" failures="0" tests="3" name="com.bixbytes.bpmt.login.testcases.Login_Tests" time="77.254" errors="0" timestamp="2021-01-28T16:22:17 IST" skipped="0">
  <testcase classname="com.bixbytes.bpmt.login.testcases.Login_Tests" name="tc8_verify_email_and_password_errors" time="18.991"/>
  <system-out/>
  <testcase classname="com.bixbytes.bpmt.login.testcases.Login_Tests" name="tc2_invalid_login_test" time="25.425"/>
  <system-out/>
  <testcase classname="com.bixbytes.bpmt.login.testcases.Login_Tests" name="tc1_valid_login_test" time="32.838"/>
  <system-out/>
</testsuite> <!-- com.bixbytes.bpmt.login.testcases.Login_Tests -->
