<?xml version="1.0" encoding="UTF-8"?>
<!-- Generated by org.testng.reporters.JUnitReportReporter -->
<testsuite hostname="DESKTOP-3DNI366" failures="0" tests="1" name="com.bixbytes.bpmt.login.testcases.Logout_Test" time="25.037" errors="0" timestamp="2021-01-28T16:22:17 IST" skipped="0">
  <testcase classname="com.bixbytes.bpmt.login.testcases.Logout_Test" name="tc4_logout" time="25.037"/>
  <system-out/>
</testsuite> <!-- com.bixbytes.bpmt.login.testcases.Logout_Test -->
