<?xml version="1.0" encoding="UTF-8"?>
<!-- Generated by org.testng.reporters.JUnitReportReporter -->
<testsuite hostname="DESKTOP-3DNI366" failures="0" tests="1" name="com.bixbytes.bpmt.sales.testcases.Opportunity_Testcases" time="38.946" errors="0" timestamp="2021-04-14T11:59:44 IST" skipped="0">
  <testcase classname="com.bixbytes.bpmt.sales.testcases.Opportunity_Testcases" name="tc6_verify_delete_opportunity" time="38.946"/>
  <system-out/>
</testsuite> <!-- com.bixbytes.bpmt.sales.testcases.Opportunity_Testcases -->
