<?xml version="1.0" encoding="UTF-8"?>
<!-- Generated by org.testng.reporters.JUnitReportReporter -->
<testsuite hostname="DESKTOP-3DNI366" failures="0" tests="5" name="com.bixbytes.bpmt.sales.testcases.Verification_Of_Sales_Pages_Testcases" time="119.262" errors="0" timestamp="2021-02-17T18:19:39 IST" skipped="0">
  <testcase classname="com.bixbytes.bpmt.sales.testcases.Verification_Of_Sales_Pages_Testcases" name="tc1_sales_page_navigation_test" time="43.908"/>
  <system-out/>
  <testcase classname="com.bixbytes.bpmt.sales.testcases.Verification_Of_Sales_Pages_Testcases" name="tc2_opportunity_page_navigation_test" time="16.544"/>
  <system-out/>
  <testcase classname="com.bixbytes.bpmt.sales.testcases.Verification_Of_Sales_Pages_Testcases" name="tc3_customer_page_navigation_test" time="19.339"/>
  <system-out/>
  <testcase classname="com.bixbytes.bpmt.sales.testcases.Verification_Of_Sales_Pages_Testcases" name="tc4_todo_page_navigation_test" time="18.680"/>
  <system-out/>
  <testcase classname="com.bixbytes.bpmt.sales.testcases.Verification_Of_Sales_Pages_Testcases" name="tc5_meeting_list_page_navigation_test" time="20.791"/>
  <system-out/>
</testsuite> <!-- com.bixbytes.bpmt.sales.testcases.Verification_Of_Sales_Pages_Testcases -->
