<?xml version="1.0" encoding="UTF-8"?>
<!-- Generated by org.testng.reporters.JUnitReportReporter -->
<testsuite hostname="DESKTOP-3DNI366" failures="0" tests="1" name="com.bixbytes.bpmtold.logintestcases.TC3_Invalid_Login_Email_Test" time="34.316" errors="0" timestamp="2020-11-17T10:01:24 IST" skipped="0">
  <testcase classname="com.bixbytes.bpmtold.logintestcases.TC3_Invalid_Login_Email_Test" name="Wrong_Email_Field_Validation_Test" time="34.316"/>
  <system-out/>
</testsuite> <!-- com.bixbytes.bpmtold.logintestcases.TC3_Invalid_Login_Email_Test -->
