<?xml version="1.0" encoding="UTF-8"?>
<!-- Generated by org.testng.reporters.JUnitReportReporter -->
<testsuite hostname="DESKTOP-3DNI366" failures="0" tests="1" name="com.bixbytes.bpmtold.salestestcases.TC14_Delete_Customer_Test" time="37.862" errors="0" timestamp="2020-11-20T16:45:15 IST" skipped="0">
  <testcase classname="com.bixbytes.bpmtold.salestestcases.TC14_Delete_Customer_Test" name="deletecustomer" time="37.862"/>
  <system-out/>
</testsuite> <!-- com.bixbytes.bpmtold.salestestcases.TC14_Delete_Customer_Test -->
