<?xml version="1.0" encoding="UTF-8"?>
<!-- Generated by org.testng.reporters.JUnitReportReporter -->
<testsuite hostname="DESKTOP-3DNI366" failures="0" tests="3" name="com.bixbytes.bpmt.login.testcases.Login_Testcases" time="70.858" errors="0" timestamp="2021-04-07T14:53:04 IST" skipped="0">
  <testcase classname="com.bixbytes.bpmt.login.testcases.Login_Testcases" name="tc1_valid_login_test" time="27.258"/>
  <system-out/>
  <testcase classname="com.bixbytes.bpmt.login.testcases.Login_Testcases" name="tc2_invalid_login_test" time="26.980"/>
  <system-out/>
  <testcase classname="com.bixbytes.bpmt.login.testcases.Login_Testcases" name="tc3_verify_email_and_password_errors" time="16.620"/>
  <system-out/>
</testsuite> <!-- com.bixbytes.bpmt.login.testcases.Login_Testcases -->
