<?xml version="1.0" encoding="UTF-8"?>
<!-- Generated by org.testng.reporters.JUnitReportReporter -->
<testsuite hostname="DESKTOP-3DNI366" failures="0" tests="1" name="com.bixbytes.bpmtold.logintestcases.TC5_Edit_User_Profile_PositiveCase" time="42.930" errors="0" timestamp="2020-11-17T11:24:03 IST" skipped="0">
  <testcase classname="com.bixbytes.bpmtold.logintestcases.TC5_Edit_User_Profile_PositiveCase" name="edit_user_profile_positive_test" time="42.930"/>
  <system-out/>
</testsuite> <!-- com.bixbytes.bpmtold.logintestcases.TC5_Edit_User_Profile_PositiveCase -->
