<?xml version="1.0" encoding="UTF-8"?>
<!-- Generated by org.testng.reporters.JUnitReportReporter -->
<testsuite hostname="DESKTOP-3DNI366" failures="0" tests="1" name="com.bixbytes.bpmt.login.testcases.TC5_Fogot_Password_Negative_Test" time="21.795" errors="0" timestamp="2021-01-20T14:43:00 IST" skipped="0">
  <testcase classname="com.bixbytes.bpmt.login.testcases.TC5_Fogot_Password_Negative_Test" name="forgotpassword_page_verification" time="21.795"/>
  <system-out/>
</testsuite> <!-- com.bixbytes.bpmt.login.testcases.TC5_Fogot_Password_Negative_Test -->
