<?xml version="1.0" encoding="UTF-8"?>
<!-- Generated by org.testng.reporters.JUnitReportReporter -->
<testsuite hostname="DESKTOP-3DNI366" failures="0" tests="1" name="com.bixbytes.bpmt.login.testcases.UserName_Verification_Test" time="29.616" errors="0" timestamp="2021-01-28T16:22:17 IST" skipped="0">
  <testcase classname="com.bixbytes.bpmt.login.testcases.UserName_Verification_Test" name="tc3_username_after_email_test" time="29.616"/>
  <system-out/>
</testsuite> <!-- com.bixbytes.bpmt.login.testcases.UserName_Verification_Test -->
