<?xml version="1.0" encoding="UTF-8"?>
<!-- Generated by org.testng.reporters.JUnitReportReporter -->
<testsuite hostname="DESKTOP-3DNI366" failures="0" tests="1" name="com.bixbytes.bpmtold.salestestcases.TC12_Customer_Search_Test" time="22.401" errors="0" timestamp="2020-11-17T10:01:24 IST" skipped="0">
  <testcase classname="com.bixbytes.bpmtold.salestestcases.TC12_Customer_Search_Test" name="valid_customer_search" time="22.401"/>
  <system-out/>
</testsuite> <!-- com.bixbytes.bpmtold.salestestcases.TC12_Customer_Search_Test -->
