<?xml version="1.0" encoding="UTF-8"?>
<!-- Generated by org.testng.reporters.JUnitReportReporter -->
<testsuite hostname="DESKTOP-3DNI366" failures="0" tests="5" name="com.bixbytes.bpmt.users.testcases.Add_User_Positive_Testcases" time="465.160" errors="0" timestamp="2021-04-14T14:56:33 IST" skipped="0">
  <testcase classname="com.bixbytes.bpmt.users.testcases.Add_User_Positive_Testcases" name="tc1_add_admin_user_test" time="92.599"/>
  <system-out/>
  <testcase classname="com.bixbytes.bpmt.users.testcases.Add_User_Positive_Testcases" name="tc2_add_sales_user_test" time="96.788"/>
  <system-out/>
  <testcase classname="com.bixbytes.bpmt.users.testcases.Add_User_Positive_Testcases" name="tc3_add_management_user_test" time="91.271"/>
  <system-out/>
  <testcase classname="com.bixbytes.bpmt.users.testcases.Add_User_Positive_Testcases" name="tc4_add_lead_user_test" time="94.342"/>
  <system-out/>
  <testcase classname="com.bixbytes.bpmt.users.testcases.Add_User_Positive_Testcases" name="tc5_add_member_user_test" time="90.160"/>
  <system-out/>
</testsuite> <!-- com.bixbytes.bpmt.users.testcases.Add_User_Positive_Testcases -->
