<?xml version="1.0" encoding="UTF-8"?>
<!-- Generated by org.testng.reporters.JUnitReportReporter -->
<testsuite hostname="DESKTOP-3DNI366" failures="0" tests="1" name="com.bixbytes.bpmtold.testcases.TC1_ValidLoginTest" time="22.855" errors="0" timestamp="2020-11-09T15:28:22 IST" skipped="0">
  <testcase classname="com.bixbytes.bpmtold.testcases.TC1_ValidLoginTest" name="ValidLogin" time="22.855"/>
  <system-out/>
</testsuite> <!-- com.bixbytes.bpmtold.testcases.TC1_ValidLoginTest -->
