<?xml version="1.0" encoding="UTF-8"?>
<!-- Generated by org.testng.reporters.JUnitReportReporter -->
<testsuite hostname="DESKTOP-3DNI366" failures="0" tests="1" name="com.bixbytes.bpmt.sales.testcases.Add_Opportunity_Testcases" time="45.790" errors="0" timestamp="2021-02-15T14:53:20 IST" skipped="0">
  <testcase classname="com.bixbytes.bpmt.sales.testcases.Add_Opportunity_Testcases" name="tc1_valid_add_opportunity_test" time="45.790"/>
  <system-out/>
</testsuite> <!-- com.bixbytes.bpmt.sales.testcases.Add_Opportunity_Testcases -->
