<?xml version="1.0" encoding="UTF-8"?>
<!-- Generated by org.testng.reporters.JUnitReportReporter -->
<testsuite hostname="DESKTOP-3DNI366" failures="0" tests="1" name="com.bixbytes.testcases.LogoutTest" time="25.258" errors="0" timestamp="2020-10-30T11:25:35 IST" skipped="0">
  <testcase classname="com.bixbytes.testcases.LogoutTest" name="logout" time="25.258"/>
  <system-out/>
</testsuite> <!-- com.bixbytes.testcases.LogoutTest -->
