<?xml version="1.0" encoding="UTF-8"?>
<!-- Generated by org.testng.reporters.JUnitReportReporter -->
<testsuite hostname="DESKTOP-3DNI366" failures="0" tests="1" name="com.bixbytes.bpmtold.salestestcases.TC13_Create_Customer_Validation_Errors_Test" time="24.700" errors="0" timestamp="2020-11-17T10:01:24 IST" skipped="0">
  <testcase classname="com.bixbytes.bpmtold.salestestcases.TC13_Create_Customer_Validation_Errors_Test" name="InvalidCustomerSearch" time="24.700"/>
  <system-out/>
</testsuite> <!-- com.bixbytes.bpmtold.salestestcases.TC13_Create_Customer_Validation_Errors_Test -->
