<?xml version="1.0" encoding="UTF-8"?>
<!-- Generated by org.testng.reporters.JUnitReportReporter -->
<testsuite hostname="DESKTOP-3DNI366" failures="0" tests="1" name="com.bixbytes.bpmtold.logintestcases.TC1_Valid_Login_Test" time="30.377" errors="0" timestamp="2020-11-20T16:45:16 IST" skipped="0">
  <testcase classname="com.bixbytes.bpmtold.logintestcases.TC1_Valid_Login_Test" name="ValidLogin" time="30.377"/>
  <system-out/>
</testsuite> <!-- com.bixbytes.bpmtold.logintestcases.TC1_Valid_Login_Test -->
