<?xml version="1.0" encoding="UTF-8"?>
<!-- Generated by org.testng.reporters.JUnitReportReporter -->
<testsuite hostname="DESKTOP-3DNI366" failures="0" tests="2" name="com.bixbytes.bpmtold.employeetestcases.TC8_Delete_Employee_Test" time="78.879" errors="0" timestamp="2020-11-20T16:45:16 IST" skipped="0">
  <testcase classname="com.bixbytes.bpmtold.employeetestcases.TC8_Delete_Employee_Test" name="invalid_employee_delete_test" time="41.491"/>
  <system-out/>
  <testcase classname="com.bixbytes.bpmtold.employeetestcases.TC8_Delete_Employee_Test" name="deleteemployeetest" time="37.388"/>
  <system-out/>
</testsuite> <!-- com.bixbytes.bpmtold.employeetestcases.TC8_Delete_Employee_Test -->
