<?xml version="1.0" encoding="UTF-8"?>
<!-- Generated by org.testng.reporters.JUnitReportReporter -->
<testsuite hostname="DESKTOP-3DNI366" failures="0" tests="1" name="com.bixbytes.testcases.TC2_Logout_Test" time="17.480" errors="0" timestamp="2020-10-29T10:45:26 IST" skipped="0">
  <testcase classname="com.bixbytes.testcases.TC2_Logout_Test" name="logout" time="17.480"/>
  <system-out/>
</testsuite> <!-- com.bixbytes.testcases.TC2_Logout_Test -->
