<?xml version="1.0" encoding="UTF-8"?>
<!-- Generated by org.testng.reporters.JUnitReportReporter -->
<testsuite hostname="DESKTOP-3DNI366" failures="0" tests="1" name="com.bixbytes.bpmtold.testcases.TC6_SearchValidEmployee" time="27.460" errors="0" timestamp="2020-11-09T15:28:22 IST" skipped="0">
  <testcase classname="com.bixbytes.bpmtold.testcases.TC6_SearchValidEmployee" name="Employee_Valid_SearchTest" time="27.460"/>
  <system-out/>
</testsuite> <!-- com.bixbytes.bpmtold.testcases.TC6_SearchValidEmployee -->
