<?xml version="1.0" encoding="UTF-8"?>
<!-- Generated by org.testng.reporters.JUnitReportReporter -->
<testsuite hostname="DESKTOP-3DNI366" failures="0" tests="1" name="com.bixbytes.bpmt.users.testcases.User_List_Page_Verification_Testcases" time="13.378" errors="0" timestamp="2021-02-17T18:19:39 IST" skipped="0">
  <testcase classname="com.bixbytes.bpmt.users.testcases.User_List_Page_Verification_Testcases" name="tc1_verify_user_breadcrumb_flow" time="13.378"/>
  <system-out/>
</testsuite> <!-- com.bixbytes.bpmt.users.testcases.User_List_Page_Verification_Testcases -->
