<?xml version="1.0" encoding="UTF-8"?>
<!-- Generated by org.testng.reporters.JUnitReportReporter -->
<testsuite hostname="DESKTOP-3DNI366" failures="0" tests="1" name="com.bixbytes.bpmtold.employeetestcases.TC15_Employee_Details_Verification" time="43.904" errors="0" timestamp="2020-11-17T18:14:34 IST" skipped="0">
  <testcase classname="com.bixbytes.bpmtold.employeetestcases.TC15_Employee_Details_Verification" name="employee_details_verification_test" time="43.904"/>
  <system-out/>
</testsuite> <!-- com.bixbytes.bpmtold.employeetestcases.TC15_Employee_Details_Verification -->
