<?xml version="1.0" encoding="UTF-8"?>
<!-- Generated by org.testng.reporters.JUnitReportReporter -->
<testsuite hostname="DESKTOP-3DNI366" failures="0" tests="1" name="com.bixbytes.bpmtold.testcases.TC9_FogotPassword_Negative" time="23.264" errors="0" timestamp="2020-11-09T15:28:22 IST" skipped="0">
  <testcase classname="com.bixbytes.bpmtold.testcases.TC9_FogotPassword_Negative" name="forgotpassword_page_verification" time="23.264"/>
  <system-out/>
</testsuite> <!-- com.bixbytes.bpmtold.testcases.TC9_FogotPassword_Negative -->
