<?xml version="1.0" encoding="UTF-8"?>
<!-- Generated by org.testng.reporters.JUnitReportReporter -->
<testsuite hostname="DESKTOP-3DNI366" failures="0" tests="2" name="com.bixbytes.testcases.TC1_Valid_LoginPageTest" time="34.230" errors="0" timestamp="2020-10-29T10:45:26 IST" skipped="0">
  <testcase classname="com.bixbytes.testcases.TC1_Valid_LoginPageTest" name="loginpagetitletest" time="14.378"/>
  <system-out/>
  <testcase classname="com.bixbytes.testcases.TC1_Valid_LoginPageTest" name="validlogin" time="19.852"/>
  <system-out/>
</testsuite> <!-- com.bixbytes.testcases.TC1_Valid_LoginPageTest -->
