<?xml version="1.0" encoding="UTF-8"?>
<!-- Generated by org.testng.reporters.JUnitReportReporter -->
<testsuite hostname="DESKTOP-3DNI366" failures="0" tests="1" name="com.bixbytes.bpmt.login.testcases.TC6_Forgot_Password_Positive_Test" time="19.395" errors="0" timestamp="2021-01-20T14:43:00 IST" skipped="0">
  <testcase classname="com.bixbytes.bpmt.login.testcases.TC6_Forgot_Password_Positive_Test" name="forgotpassword_page_verification" time="19.395"/>
  <system-out/>
</testsuite> <!-- com.bixbytes.bpmt.login.testcases.TC6_Forgot_Password_Positive_Test -->
