<?xml version="1.0" encoding="UTF-8"?>
<!-- Generated by org.testng.reporters.JUnitReportReporter -->
<testsuite hostname="DESKTOP-3DNI366" failures="0" tests="1" name="com.bixbytes.bpmtold.employeetestcases.TC9_FogotPassword_Negative" time="20.158" errors="0" timestamp="2020-11-09T17:36:20 IST" skipped="0">
  <testcase classname="com.bixbytes.bpmtold.employeetestcases.TC9_FogotPassword_Negative" name="forgotpassword_page_verification" time="20.158"/>
  <system-out/>
</testsuite> <!-- com.bixbytes.bpmtold.employeetestcases.TC9_FogotPassword_Negative -->
